/usr/local/lib/python3.6/site-packages/h5py/__init__.py:34: FutureWarning: Conversion of the second argument of issubdtype from `float` to `np.floating` is deprecated. In future, it will be treated as `np.float64 == np.dtype(float).type`.
  from ._conv import register_converters as _register_converters
Using TensorFlow backend.
2019-04-11 15:58:44.485032: I tensorflow/core/platform/cpu_feature_guard.cc:141] Your CPU supports instructions that this TensorFlow binary was not compiled to use: AVX2 FMA
Traceback (most recent call last):
  File "train/fpmcts_selfplay_training.py", line 428, in <module>
    train(sys.argv)
  File "train/fpmcts_selfplay_training.py", line 425, in train
    trainer.learning(FLAGS.append_game_data)
  File "train/fpmcts_selfplay_training.py", line 384, in learning
    game_datas = self.run_games(self.game_num, current_time)
  File "train/fpmcts_selfplay_training.py", line 211, in run_games
    game_data = self.run_a_game()
  File "train/fpmcts_selfplay_training.py", line 179, in run_a_game
    move = current_player.get_move(state_pov)
  File "/Users/kuangzheng/Programming/miniddz-env/agents/fpmcts_agent.py", line 33, in get_move
    move = self._mcts.get_move(state)
  File "/Users/kuangzheng/Programming/miniddz-env/pymodels/search/fpmcts.py", line 529, in get_move
    self._playout(state_copy)
  File "/Users/kuangzheng/Programming/miniddz-env/pymodels/search/fpmcts.py", line 493, in _playout
    tree_node.expand(action_probs, state, self._lower_policy, self._upper_policy)
  File "/Users/kuangzheng/Programming/miniddz-env/pymodels/search/fpmcts.py", line 117, in expand
    guess_state.do_move(action)
  File "/Users/kuangzheng/Programming/miniddz-env/pyminiddz/miniddz.py", line 330, in do_move
    raise ValueError('Cards num wrong')
ValueError: Cards num wrong
